<?xml version="1.0" encoding="UTF-8"?>
<!-- Generated by org.testng.reporters.JUnitXMLReporter -->
<testsuite hostname="DESKTOP-NSJC8PD" ignored="0" name="FreeCRM Test Caes" tests="7" failures="0" timestamp="2020-02-28T23:11:04 IST" time="140.058" errors="0">
  <testcase name="NewContactTest" time="2.465" classname="com.crm.qa.testcases.ContactsPageTest"/>
  <testcase name="VerifyUserLabel" time="2.47" classname="com.crm.qa.testcases.HomePageTest"/>
  <testcase name="VerifyUserNameTest" time="2.019" classname="com.crm.qa.testcases.HomePageTest"/>
  <testcase name="validateTitleTest" time="0.019" classname="com.crm.qa.testcases.HomePageTest"/>
  <testcase name="clickContacts" time="2.256" classname="com.crm.qa.testcases.HomePageTest"/>
  <testcase name="Login" time="0.565" classname="com.crm.qa.testcases.LoginPageTest"/>
  <testcase name="LoginPageTitle" time="0.016" classname="com.crm.qa.testcases.LoginPageTest"/>
</testsuite> <!-- FreeCRM Test Caes -->
