<?xml version="1.0" encoding="UTF-8"?>
<!-- Generated by org.testng.reporters.JUnitXMLReporter -->
<testsuite hostname="DESKTOP-NSJC8PD" ignored="0" name="Command line test" tests="7" failures="0" timestamp="2020-03-01T09:39:36 IST" time="127.175" errors="0">
  <testcase name="NewContactTest" time="3.438" classname="com.crm.qa.testcases.ContactsPageTest"/>
  <testcase name="VerifyUserLabel" time="3.065" classname="com.crm.qa.testcases.HomePageTest"/>
  <testcase name="VerifyUserNameTest" time="2.067" classname="com.crm.qa.testcases.HomePageTest"/>
  <testcase name="validateTitleTest" time="0.011" classname="com.crm.qa.testcases.HomePageTest"/>
  <testcase name="clickContacts" time="2.986" classname="com.crm.qa.testcases.HomePageTest"/>
  <testcase name="Login" time="0.838" classname="com.crm.qa.testcases.LoginPageTest"/>
  <testcase name="LoginPageTitle" time="0.014" classname="com.crm.qa.testcases.LoginPageTest"/>
</testsuite> <!-- Command line test -->
