<?xml version="1.0" encoding="UTF-8"?>
<!-- Generated by org.testng.reporters.JUnitXMLReporter -->
<testsuite hostname="DESKTOP-NSJC8PD" ignored="0" name="FreeCRM Test Caes" tests="7" failures="0" timestamp="2020-02-26T00:03:35 IST" time="174.525" errors="0">
  <testcase name="VerifyContactsButton" time="0.371" classname="com.crm.qa.testcases.ContactsPageTest"/>
  <testcase name="VerifyUserLabel" time="2.877" classname="com.crm.qa.testcases.HomePageTest"/>
  <testcase name="VerifyUserNameTest" time="4.057" classname="com.crm.qa.testcases.HomePageTest"/>
  <testcase name="validateTitleTest" time="0.018" classname="com.crm.qa.testcases.HomePageTest"/>
  <testcase name="clickContacts" time="3.365" classname="com.crm.qa.testcases.HomePageTest"/>
  <testcase name="Login" time="1.269" classname="com.crm.qa.testcases.LoginPageTest"/>
  <testcase name="LoginPageTitle" time="0.02" classname="com.crm.qa.testcases.LoginPageTest"/>
</testsuite> <!-- FreeCRM Test Caes -->
